<?xml version="1.0" encoding="UTF-8"?>
<testsuite name="TestSuite" time="0.606" tests="26" errors="0" skipped="0" failures="0">
  <properties>
    <property name="java.runtime.name" value="Java(TM) SE Runtime Environment"/>
    <property name="sun.boot.library.path" value="C:\Program Files\Java\jdk1.8.0_73\jre\bin"/>
    <property name="java.vm.version" value="25.73-b02"/>
    <property name="java.vm.vendor" value="Oracle Corporation"/>
    <property name="maven.multiModuleProjectDirectory" value="$M2_HOME"/>
    <property name="java.vendor.url" value="http://java.oracle.com/"/>
    <property name="path.separator" value=";"/>
    <property name="guice.disable.misplaced.annotation.check" value="true"/>
    <property name="java.vm.name" value="Java HotSpot(TM) 64-Bit Server VM"/>
    <property name="file.encoding.pkg" value="sun.io"/>
    <property name="user.script" value=""/>
    <property name="user.country" value="US"/>
    <property name="sun.java.launcher" value="SUN_STANDARD"/>
    <property name="sun.os.patch.level" value="Service Pack 1"/>
    <property name="java.vm.specification.name" value="Java Virtual Machine Specification"/>
    <property name="user.dir" value="D:\gitlocalrepo\conference-track-management"/>
    <property name="java.runtime.version" value="1.8.0_73-b02"/>
    <property name="java.awt.graphicsenv" value="sun.awt.Win32GraphicsEnvironment"/>
    <property name="java.endorsed.dirs" value="C:\Program Files\Java\jdk1.8.0_73\jre\lib\endorsed"/>
    <property name="os.arch" value="amd64"/>
    <property name="java.io.tmpdir" value="C:\Users\RAKISH~1.ORA\AppData\Local\Temp\"/>
    <property name="line.separator" value="&#10;"/>
    <property name="java.vm.specification.vendor" value="Oracle Corporation"/>
    <property name="user.variant" value=""/>
    <property name="os.name" value="Windows 7"/>
    <property name="classworlds.conf" value="D:\ConfigService\.metadata\.plugins\org.eclipse.m2e.launching\launches\m2conf285280547151826231.tmp"/>
    <property name="sun.jnu.encoding" value="Cp1252"/>
    <property name="java.library.path" value="C:\Program Files\Java\jdk1.8.0_73\bin;C:\windows\Sun\Java\bin;C:\windows\system32;C:\windows;C:\ProgramData\Oracle\Java\javapath;C:\app\rakishor\product\12.1.0\dbhome_4\bin;C:\app\rakishor\product\12.1.0\dbhome_3\bin;C:\app\rakishor\product\12.1.0\dbhome_2\bin;C:\app\rakishor\product\12.1.0\dbhome_1\bin;C:\windows\system32;C:\windows;C:\windows\System32\Wbem;C:\windows\System32\WindowsPowerShell\v1.0\;C:\Program Files\Intel\WiFi\bin\;C:\Program Files\Common Files\Intel\WirelessCommon\;D:\Softwares\apache-maven-3.3.9-bin (1)\apache-maven-3.3.9\bin;C:\Program Files (x86)\Sennheiser\SoftphoneSDK\;C:\Program Files\nodejs\;C:\Program Files\TortoiseHg\;C:\Users\rakishor.ORADEV\AppData\Roaming\npm;."/>
    <property name="java.specification.name" value="Java Platform API Specification"/>
    <property name="java.class.version" value="52.0"/>
    <property name="sun.management.compiler" value="HotSpot 64-Bit Tiered Compilers"/>
    <property name="os.version" value="6.1"/>
    <property name="user.home" value="C:\Users\rakishor.ORADEV"/>
    <property name="user.timezone" value="Asia/Calcutta"/>
    <property name="java.awt.printerjob" value="sun.awt.windows.WPrinterJob"/>
    <property name="java.specification.version" value="1.8"/>
    <property name="file.encoding" value="Cp1252"/>
    <property name="user.name" value="rakishor"/>
    <property name="java.class.path" value="D:\Softwares\apache-maven-3.3.9-bin (1)\apache-maven-3.3.9\boot\plexus-classworlds-2.5.2.jar"/>
    <property name="java.vm.specification.version" value="1.8"/>
    <property name="sun.arch.data.model" value="64"/>
    <property name="java.home" value="C:\Program Files\Java\jdk1.8.0_73\jre"/>
    <property name="sun.java.command" value="org.codehaus.classworlds.Launcher -B -s C:\Users\rakishor.ORADEV\.m2\settings.xml install"/>
    <property name="java.specification.vendor" value="Oracle Corporation"/>
    <property name="user.language" value="en"/>
    <property name="awt.toolkit" value="sun.awt.windows.WToolkit"/>
    <property name="java.vm.info" value="mixed mode"/>
    <property name="java.version" value="1.8.0_73"/>
    <property name="java.ext.dirs" value="C:\Program Files\Java\jdk1.8.0_73\jre\lib\ext;C:\windows\Sun\Java\lib\ext"/>
    <property name="sun.boot.class.path" value="C:\Program Files\Java\jdk1.8.0_73\jre\lib\resources.jar;C:\Program Files\Java\jdk1.8.0_73\jre\lib\rt.jar;C:\Program Files\Java\jdk1.8.0_73\jre\lib\sunrsasign.jar;C:\Program Files\Java\jdk1.8.0_73\jre\lib\jsse.jar;C:\Program Files\Java\jdk1.8.0_73\jre\lib\jce.jar;C:\Program Files\Java\jdk1.8.0_73\jre\lib\charsets.jar;C:\Program Files\Java\jdk1.8.0_73\jre\lib\jfr.jar;C:\Program Files\Java\jdk1.8.0_73\jre\classes"/>
    <property name="java.vendor" value="Oracle Corporation"/>
    <property name="maven.home" value="D:\Softwares\apache-maven-3.3.9-bin (1)\apache-maven-3.3.9"/>
    <property name="file.separator" value="\"/>
    <property name="java.vendor.url.bug" value="http://bugreport.sun.com/bugreport/"/>
    <property name="maven.bootclasspath" value="D:\Softwares\apache-maven-3.3.9-bin (1)\apache-maven-3.3.9\boot\plexus-classworlds-2.5.2.jar"/>
    <property name="sun.cpu.endian" value="little"/>
    <property name="sun.io.unicode.encoding" value="UnicodeLittle"/>
    <property name="sun.desktop" value="windows"/>
    <property name="sun.cpu.isalist" value="amd64"/>
  </properties>
  <testcase name="configurationManagerTest" classname="com.kishore.confmanagement.core.tests.ConferenceManagerTest" time="0.142"/>
  <testcase name="proveNonSingletonConfigurationManagerTest" classname="com.kishore.confmanagement.core.tests.ConferenceManagerTest" time="0"/>
  <testcase name="resolvedConferenceScheduleStratgeyTest" classname="com.kishore.confmanagement.core.tests.ConferenceManagerTest" time="0"/>
  <testcase name="conferenceTalkCreationTest" classname="com.kishore.confmanagement.core.tests.vos.talks.ConferenceTalkTest" time="0.088"/>
  <testcase name="conferenceTalkEqualsTest" classname="com.kishore.confmanagement.core.tests.vos.talks.ConferenceTalkTest" time="0"/>
  <testcase name="conferenceTalkNotEqualsTest" classname="com.kishore.confmanagement.core.tests.vos.talks.ConferenceTalkTest" time="0"/>
  <testcase name="conferenceTalkScheduledStartTimeTest" classname="com.kishore.confmanagement.core.tests.vos.talks.ConferenceTalkTest" time="0"/>
  <testcase name="defaultNoConferenceTalkTest" classname="com.kishore.confmanagement.core.tests.vos.talks.ConferenceTalkTest" time="0"/>
  <testcase name="normalTalkScheduledTimeFlexibilityTest" classname="com.kishore.confmanagement.core.tests.vos.talks.ConferenceTalkTest" time="0"/>
  <testcase name="resolvedConferenceTalkDurationUnitTest" classname="com.kishore.confmanagement.core.tests.vos.talks.ConferenceTalkTest" time="0"/>
  <testcase name="specialNetworkingTalkTest" classname="com.kishore.confmanagement.core.tests.vos.talks.ConferenceTalkTest" time="0"/>
  <testcase name="conferenceTalkValidationExceedingMaxDurationTest" classname="com.kishore.confmanagement.core.tests.ConferenceTalkValidationTest" time="0.073"/>
  <testcase name="defaultConfigurationBuilderInstanceTest" classname="com.kishore.confmanagement.core.tests.ConfigurationBuilderTest" time="0"/>
  <testcase name="defaultConfigurationByDefaultConfigurationBuilderAPITest" classname="com.kishore.confmanagement.core.tests.ConfigurationBuilderTest" time="0"/>
  <testcase name="explicitConfigurationToConfigurationBuilderTest" classname="com.kishore.confmanagement.core.tests.ConfigurationBuilderTest" time="0"/>
  <testcase name="proveNonSingletonConfigurationInstanceByDefaultConfigurationBuilderTest" classname="com.kishore.confmanagement.core.tests.ConfigurationBuilderTest" time="0.003"/>
  <testcase name="conferenceSchedulingStrategyWithFirstInputTest" classname="com.kishore.confmanagement.extension.tests.defaultextensionimpl.FirstSchedulingStrategyTest" time="0.114"/>
  <testcase name="conferenceSchedulingStrategyWithFourthInputTest" classname="com.kishore.confmanagement.extension.tests.defaultextensionimpl.FirstSchedulingStrategyTest" time="0.08"/>
  <testcase name="conferenceSchedulingStrategyWithInputStreamTest" classname="com.kishore.confmanagement.extension.tests.defaultextensionimpl.FirstSchedulingStrategyTest" time="0.057"/>
  <testcase name="conferenceSchedulingStrategyWithSecondInputTest" classname="com.kishore.confmanagement.extension.tests.defaultextensionimpl.FirstSchedulingStrategyTest" time="0"/>
  <testcase name="conferenceSchedulingStrategyWithThirdInputTest" classname="com.kishore.confmanagement.extension.tests.defaultextensionimpl.FirstSchedulingStrategyTest" time="0.018"/>
  <testcase name="conferenceSchedulingStrategyWithXMLInputStreamTest" classname="com.kishore.confmanagement.extension.tests.defaultextensionimpl.FirstSchedulingStrategyTest" time="0.009"/>
  <testcase name="defaultTrackNotEmptySessionsTest" classname="com.kishore.confmanagement.core.tests.vos.tracks.TrackTest" time="0.022"/>
  <testcase name="defaultTrackShouldHaveConfiguredSessionsTest" classname="com.kishore.confmanagement.core.tests.vos.tracks.TrackTest" time="0"/>
  <testcase name="standardTrackCreation" classname="com.kishore.confmanagement.core.tests.vos.tracks.TrackTest" time="0"/>
  <testcase name="standardTrackCreationByFactory" classname="com.kishore.confmanagement.core.tests.vos.tracks.TrackTest" time="0"/>
</testsuite>