<?xml version="1.0" encoding="UTF-8"?>
<!-- Generated by org.testng.reporters.JUnitReportReporter -->
<testsuite hostname="RAKISHOR-LAP1" name="com.kishore.confmanagement.extension.tests.defaultextensionimpl.FirstSchedulingStrategyTest" tests="6" failures="0" timestamp="15 Oct 2016 10:02:00 GMT" time="0.278" errors="0">
  <testcase name="conferenceSchedulingStrategyWithFourthInputTest" time="0.077" classname="com.kishore.confmanagement.extension.tests.defaultextensionimpl.FirstSchedulingStrategyTest"/>
  <testcase name="conferenceSchedulingStrategyWithSecondInputTest" time="0.010" classname="com.kishore.confmanagement.extension.tests.defaultextensionimpl.FirstSchedulingStrategyTest"/>
  <testcase name="conferenceSchedulingStrategyWithFirstInputTest" time="0.112" classname="com.kishore.confmanagement.extension.tests.defaultextensionimpl.FirstSchedulingStrategyTest"/>
  <testcase name="conferenceSchedulingStrategyWithInputStreamTest" time="0.053" classname="com.kishore.confmanagement.extension.tests.defaultextensionimpl.FirstSchedulingStrategyTest"/>
  <testcase name="conferenceSchedulingStrategyWithThirdInputTest" time="0.010" classname="com.kishore.confmanagement.extension.tests.defaultextensionimpl.FirstSchedulingStrategyTest"/>
  <testcase name="conferenceSchedulingStrategyWithXMLInputStreamTest" time="0.016" classname="com.kishore.confmanagement.extension.tests.defaultextensionimpl.FirstSchedulingStrategyTest"/>
</testsuite> <!-- com.kishore.confmanagement.extension.tests.defaultextensionimpl.FirstSchedulingStrategyTest -->
