<?xml version="1.0" encoding="UTF-8"?>
<!-- Generated by org.testng.reporters.JUnitReportReporter -->
<testsuite hostname="RAKISHOR-LAP1" name="com.kishore.confmanagement.core.tests.ConferenceManagerTest" tests="3" failures="0" timestamp="15 Oct 2016 10:02:00 GMT" time="0.204" errors="0">
  <testcase name="resolvedConferenceScheduleStratgeyTest" time="0.004" classname="com.kishore.confmanagement.core.tests.ConferenceManagerTest"/>
  <testcase name="proveNonSingletonConfigurationManagerTest" time="0.000" classname="com.kishore.confmanagement.core.tests.ConferenceManagerTest"/>
  <testcase name="configurationManagerTest" time="0.200" classname="com.kishore.confmanagement.core.tests.ConferenceManagerTest"/>
</testsuite> <!-- com.kishore.confmanagement.core.tests.ConferenceManagerTest -->
