<?xml version="1.0" encoding="UTF-8"?>
<!-- Generated by org.testng.reporters.JUnitReportReporter -->
<testsuite hostname="RAKISHOR-LAP1" name="com.kishore.confmanagement.core.tests.ConfigurationBuilderTest" tests="4" failures="0" timestamp="15 Oct 2016 10:02:00 GMT" time="0.003" errors="0">
  <testcase name="proveNonSingletonConfigurationInstanceByDefaultConfigurationBuilderTest" time="0.000" classname="com.kishore.confmanagement.core.tests.ConfigurationBuilderTest"/>
  <testcase name="defaultConfigurationByDefaultConfigurationBuilderAPITest" time="0.002" classname="com.kishore.confmanagement.core.tests.ConfigurationBuilderTest"/>
  <testcase name="explicitConfigurationToConfigurationBuilderTest" time="0.000" classname="com.kishore.confmanagement.core.tests.ConfigurationBuilderTest"/>
  <testcase name="defaultConfigurationBuilderInstanceTest" time="0.001" classname="com.kishore.confmanagement.core.tests.ConfigurationBuilderTest"/>
</testsuite> <!-- com.kishore.confmanagement.core.tests.ConfigurationBuilderTest -->
