<?xml version="1.0" encoding="UTF-8"?>
<!-- Generated by org.testng.reporters.JUnitReportReporter -->
<testsuite hostname="RAKISHOR-LAP1" name="com.kishore.confmanagement.core.tests.ConferenceTalkValidationTest" tests="1" failures="0" timestamp="15 Oct 2016 10:02:00 GMT" time="0.112" errors="0">
  <testcase name="conferenceTalkValidationExceedingMaxDurationTest" time="0.112" classname="com.kishore.confmanagement.core.tests.ConferenceTalkValidationTest"/>
</testsuite> <!-- com.kishore.confmanagement.core.tests.ConferenceTalkValidationTest -->
