<?xml version="1.0" encoding="UTF-8"?>
<!-- Generated by org.testng.reporters.JUnitReportReporter -->
<testsuite hostname="RAKISHOR-LAP1" name="com.kishore.confmanagement.core.tests.vos.talks.ConferenceTalkTest" tests="8" failures="0" timestamp="15 Oct 2016 10:02:00 GMT" time="0.044" errors="0">
  <testcase name="defaultNoConferenceTalkTest" time="0.001" classname="com.kishore.confmanagement.core.tests.vos.talks.ConferenceTalkTest"/>
  <testcase name="normalTalkScheduledTimeFlexibilityTest" time="0.000" classname="com.kishore.confmanagement.core.tests.vos.talks.ConferenceTalkTest"/>
  <testcase name="conferenceTalkScheduledStartTimeTest" time="0.000" classname="com.kishore.confmanagement.core.tests.vos.talks.ConferenceTalkTest"/>
  <testcase name="conferenceTalkNotEqualsTest" time="0.001" classname="com.kishore.confmanagement.core.tests.vos.talks.ConferenceTalkTest"/>
  <testcase name="conferenceTalkEqualsTest" time="0.000" classname="com.kishore.confmanagement.core.tests.vos.talks.ConferenceTalkTest"/>
  <testcase name="specialNetworkingTalkTest" time="0.000" classname="com.kishore.confmanagement.core.tests.vos.talks.ConferenceTalkTest"/>
  <testcase name="conferenceTalkCreationTest" time="0.041" classname="com.kishore.confmanagement.core.tests.vos.talks.ConferenceTalkTest"/>
  <testcase name="resolvedConferenceTalkDurationUnitTest" time="0.001" classname="com.kishore.confmanagement.core.tests.vos.talks.ConferenceTalkTest"/>
</testsuite> <!-- com.kishore.confmanagement.core.tests.vos.talks.ConferenceTalkTest -->
