<?xml version="1.0" encoding="UTF-8"?>
<!-- Generated by org.testng.reporters.JUnitReportReporter -->
<testsuite hostname="RAKISHOR-LAP1" name="com.kishore.confmanagement.core.tests.vos.tracks.TrackTest" tests="4" failures="0" timestamp="15 Oct 2016 10:02:00 GMT" time="0.006" errors="0">
  <testcase name="defaultTrackShouldHaveConfiguredSessionsTest" time="0.001" classname="com.kishore.confmanagement.core.tests.vos.tracks.TrackTest"/>
  <testcase name="standardTrackCreation" time="0.000" classname="com.kishore.confmanagement.core.tests.vos.tracks.TrackTest"/>
  <testcase name="defaultTrackNotEmptySessionsTest" time="0.004" classname="com.kishore.confmanagement.core.tests.vos.tracks.TrackTest"/>
  <testcase name="standardTrackCreationByFactory" time="0.001" classname="com.kishore.confmanagement.core.tests.vos.tracks.TrackTest"/>
</testsuite> <!-- com.kishore.confmanagement.core.tests.vos.tracks.TrackTest -->
